<?xml version="1.0" encoding="UTF-8"?>
<!-- Generated by org.testng.reporters.JUnitReportReporter -->
<testsuite hostname="DESKTOP-BITAJKN" failures="0" tests="3" name="testNG.Practice.DataProviderPractice1" time="0.030" errors="0" timestamp="2023-08-22T16:17:44 IST" skipped="0">
  <testcase classname="testNG.Practice.DataProviderPractice1" name="addProductToCart" time="0.004"/>
  <system-out/>
  <testcase classname="testNG.Practice.DataProviderPractice1" name="addProductToCart" time="0.004"/>
  <system-out/>
  <testcase classname="testNG.Practice.DataProviderPractice1" name="addProductToCart" time="0.022"/>
  <system-out/>
</testsuite> <!-- testNG.Practice.DataProviderPractice1 -->
