<?xml version="1.0" encoding="UTF-8"?>
<!-- Generated by org.testng.reporters.JUnitReportReporter -->
<testsuite hostname="DESKTOP-BITAJKN" failures="0" tests="1" name="testNG.Practice.ReadDataFromCommandLine" time="0.031" errors="0" timestamp="2023-09-11T14:58:24 IST" skipped="0">
  <testcase classname="testNG.Practice.ReadDataFromCommandLine" name="readData" time="0.031"/>
  <system-out/>
</testsuite> <!-- testNG.Practice.ReadDataFromCommandLine -->
