<?xml version="1.0" encoding="UTF-8"?>
<!-- Generated by org.testng.reporters.JUnitReportReporter -->
<testsuite hostname="DESKTOP-BITAJKN" failures="0" tests="2" name="testNG.Practice.Test1" time="0.037" errors="0" timestamp="2023-08-21T15:33:33 IST" skipped="0">
  <testcase classname="testNG.Practice.Test1" name="test1" time="0.013"/>
  <system-out/>
  <testcase classname="testNG.Practice.Test1" name="test" time="0.024"/>
  <system-out/>
</testsuite> <!-- testNG.Practice.Test1 -->
