<?xml version="1.0" encoding="UTF-8"?>
<!-- Generated by org.testng.reporters.JUnitReportReporter -->
<testsuite hostname="DESKTOP-BITAJKN" failures="0" tests="1" name="testNG.Practice.CreateContactWithOrganizationUsingBusinessLibrary" time="98.551" errors="0" timestamp="2023-08-21T15:39:24 IST" skipped="0">
  <testcase classname="testNG.Practice.CreateContactWithOrganizationUsingBusinessLibrary" name="createContactWithOrganization" time="98.551"/>
  <system-out/>
</testsuite> <!-- testNG.Practice.CreateContactWithOrganizationUsingBusinessLibrary -->
