<?xml version="1.0" encoding="UTF-8"?>
<!-- Generated by org.testng.reporters.JUnitReportReporter -->
<testsuite hostname="DESKTOP-BITAJKN" failures="0" tests="3" name="testNG.Practice.Test3WithEnabled" time="0.068" errors="0" timestamp="2023-08-22T14:51:21 IST" skipped="1">
  <testcase classname="testNG.Practice.Test3WithEnabled" name="delete" time="0.036"/>
  <system-out/>
  <testcase classname="testNG.Practice.Test3WithEnabled" name="modify" time="0.032"/>
  <system-out/>
  <testcase classname="testNG.Practice.Test3WithEnabled" name="create">
    <skipped/>
  </testcase> <!-- create -->
  <system-out/>
</testsuite> <!-- testNG.Practice.Test3WithEnabled -->
