<?xml version="1.0" encoding="UTF-8"?>
<!-- Generated by org.testng.reporters.JUnitReportReporter -->
<testsuite hostname="DESKTOP-BITAJKN" failures="0" tests="3" name="testNG.Practice.Test2" time="0.053" errors="0" timestamp="2023-08-21T15:58:11 IST" skipped="0">
  <testcase classname="testNG.Practice.Test2" name="delete" time="0.047"/>
  <system-out/>
  <testcase classname="testNG.Practice.Test2" name="modify" time="0.003"/>
  <system-out/>
  <testcase classname="testNG.Practice.Test2" name="create" time="0.003"/>
  <system-out/>
</testsuite> <!-- testNG.Practice.Test2 -->
