<?xml version="1.0" encoding="UTF-8"?>
<!-- Generated by org.testng.reporters.JUnitReportReporter -->
<testsuite hostname="DESKTOP-BITAJKN" failures="0" tests="4" name="testNG.Practice.CreateOrganizationWithOrganizationWithIndustryMultipleDataFromDataProvider" time="151.538" errors="0" timestamp="2023-08-23T16:01:28 IST" skipped="0">
  <testcase classname="testNG.Practice.CreateOrganizationWithOrganizationWithIndustryMultipleDataFromDataProvider" name="createOrganizationwithIndustry" time="53.004"/>
  <system-out/>
  <testcase classname="testNG.Practice.CreateOrganizationWithOrganizationWithIndustryMultipleDataFromDataProvider" name="createOrganizationwithIndustry" time="31.878"/>
  <system-out/>
  <testcase classname="testNG.Practice.CreateOrganizationWithOrganizationWithIndustryMultipleDataFromDataProvider" name="createOrganizationwithIndustry" time="30.842"/>
  <system-out/>
  <testcase classname="testNG.Practice.CreateOrganizationWithOrganizationWithIndustryMultipleDataFromDataProvider" name="createOrganizationwithIndustry" time="35.814"/>
  <system-out/>
</testsuite> <!-- testNG.Practice.CreateOrganizationWithOrganizationWithIndustryMultipleDataFromDataProvider -->
