<?xml version="1.0" encoding="UTF-8"?>
<!-- Generated by org.testng.reporters.JUnitReportReporter -->
<testsuite hostname="DESKTOP-BITAJKN" failures="0" tests="1" name="testNG.Practice.ListnersPractice" time="0.035" errors="0" timestamp="2023-08-31T21:11:21 IST" skipped="0">
  <testcase classname="testNG.Practice.ListnersPractice" name="test" time="0.035"/>
  <system-out/>
</testsuite> <!-- testNG.Practice.ListnersPractice -->
