<?xml version="1.0" encoding="UTF-8"?>
<!-- Generated by org.testng.reporters.JUnitReportReporter -->
<testsuite hostname="DESKTOP-BITAJKN" failures="0" tests="12" name="testNG.Practice.Test3WithInvocationCount" time="0.116" errors="0" timestamp="2023-08-22T14:23:58 IST" skipped="0">
  <testcase classname="testNG.Practice.Test3WithInvocationCount" name="modify" time="0.005"/>
  <system-out/>
  <testcase classname="testNG.Practice.Test3WithInvocationCount" name="modify" time="0.027"/>
  <system-out/>
  <testcase classname="testNG.Practice.Test3WithInvocationCount" name="create" time="0.019"/>
  <system-out/>
  <testcase classname="testNG.Practice.Test3WithInvocationCount" name="delete" time="0.010"/>
  <system-out/>
  <testcase classname="testNG.Practice.Test3WithInvocationCount" name="create" time="0.004"/>
  <system-out/>
  <testcase classname="testNG.Practice.Test3WithInvocationCount" name="create" time="0.016"/>
  <system-out/>
  <testcase classname="testNG.Practice.Test3WithInvocationCount" name="delete" time="0.004"/>
  <system-out/>
  <testcase classname="testNG.Practice.Test3WithInvocationCount" name="create" time="0.007"/>
  <system-out/>
  <testcase classname="testNG.Practice.Test3WithInvocationCount" name="create" time="0.004"/>
  <system-out/>
  <testcase classname="testNG.Practice.Test3WithInvocationCount" name="create" time="0.008"/>
  <system-out/>
  <testcase classname="testNG.Practice.Test3WithInvocationCount" name="create" time="0.010"/>
  <system-out/>
  <testcase classname="testNG.Practice.Test3WithInvocationCount" name="delete" time="0.002"/>
  <system-out/>
</testsuite> <!-- testNG.Practice.Test3WithInvocationCount -->
